{
  "RSpec": {
    "coverage": {
      "/Users/mminks/Code/consort/ampel/lib/ampel.rb": [
        null,
        null,
        1,
        1,
        1,
        1,
        1,
        1,
        1,
        null,
        1,
        null,
        1,
        1,
        1,
        null,
        1,
        2,
        1,
        1,
        null,
        1,
        null,
        1,
        1,
        null,
        1,
        null,
        null,
        null,
        1,
        null,
        null,
        null,
        null,
        null,
        0,
        0,
        0,
        null,
        0,
        null,
        0,
        null,
        null,
        null,
        1,
        2,
        null,
        2,
        14,
        null,
        null,
        null,
        12,
        null,
        null,
        2,
        null,
        null,
        1,
        4,
        null,
        2,
        null,
        1,
        null,
        1,
        null,
        null,
        3,
        null,
        null,
        1,
        4,
        null,
        2,
        null,
        1,
        null,
        1,
        null,
        null,
        3,
        null,
        null,
        1,
        4,
        null,
        2,
        null,
        1,
        null,
        1,
        null,
        null,
        3,
        null,
        null,
        1,
        5,
        2,
        null,
        null,
        null
      ]
    },
    "timestamp": 1490792344
  }
}
